This is pdfTeX, Version 3.14159265-2.6-1.40.20 (TeX Live 2019/Debian) (preloaded format=latex 2020.10.5)  25 MAY 2021 21:09
entering extended mode
 restricted \write18 enabled.
 %&-line parsing enabled.
**_formulas.tex
(./_formulas.tex
LaTeX2e <2020-02-02> patch level 2
L3 programming layer <2020-02-14>
(/usr/share/texlive/texmf-dist/tex/latex/base/article.cls
Document Class: article 2019/12/20 v1.4l Standard LaTeX document class
(/usr/share/texlive/texmf-dist/tex/latex/base/size10.clo
File: size10.clo 2019/12/20 v1.4l Standard LaTeX file (size option)
)
\c@part=\count167
\c@section=\count168
\c@subsection=\count169
\c@subsubsection=\count170
\c@paragraph=\count171
\c@subparagraph=\count172
\c@figure=\count173
\c@table=\count174
\abovecaptionskip=\skip47
\belowcaptionskip=\skip48
\bibindent=\dimen134
)
(/usr/share/texlive/texmf-dist/tex/latex/base/ifthen.sty
Package: ifthen 2014/09/29 v1.1c Standard LaTeX ifthen package (DPC)
)
(/usr/share/texlive/texmf-dist/tex/latex/graphics/epsfig.sty
Package: epsfig 2017/06/25 v1.7b (e)psfig emulation (SPQR)

(/usr/share/texlive/texmf-dist/tex/latex/graphics/graphicx.sty
Package: graphicx 2019/11/30 v1.2a Enhanced LaTeX Graphics (DPC,SPQR)

(/usr/share/texlive/texmf-dist/tex/latex/graphics/keyval.sty
Package: keyval 2014/10/28 v1.15 key=value parser (DPC)
\KV@toks@=\toks14
)
(/usr/share/texlive/texmf-dist/tex/latex/graphics/graphics.sty
Package: graphics 2019/11/30 v1.4a Standard LaTeX Graphics (DPC,SPQR)

(/usr/share/texlive/texmf-dist/tex/latex/graphics/trig.sty
Package: trig 2016/01/03 v1.10 sin cos tan (DPC)
)
(/usr/share/texlive/texmf-dist/tex/latex/graphics-cfg/graphics.cfg
File: graphics.cfg 2016/06/04 v1.11 sample graphics configuration
)
Package graphics Info: Driver file: dvips.def on input line 105.

(/usr/share/texlive/texmf-dist/tex/latex/graphics-def/dvips.def
File: dvips.def 2017/06/20 v3.1d Graphics/color driver for dvips
))
\Gin@req@height=\dimen135
\Gin@req@width=\dimen136
)
\epsfxsize=\dimen137
\epsfysize=\dimen138
)
(/usr/share/texlive/texmf-dist/tex/latex/base/inputenc.sty
Package: inputenc 2018/08/11 v1.3c Input encoding file
\inpenc@prehook=\toks15
\inpenc@posthook=\toks16
)
(/usr/share/texlive/texmf-dist/tex/latex/newunicodechar/newunicodechar.sty
Package: newunicodechar 2018/04/08 v1.2 Defining Unicode characters
)

Package newunicodechar Warning: Redefining Unicode character on input line 7.


Package newunicodechar Warning: Redefining Unicode character on input line 8.

(/usr/share/texlive/texmf-dist/tex/latex/l3backend/l3backend-dvips.def
File: l3backend-dvips.def 2020-02-03 L3 backend support: dvips
\l__pdf_internal_box=\box45
\g__pdf_backend_object_int=\count175
\l__pdf_backend_content_box=\box46
\l__pdf_backend_model_box=\box47
\g__pdf_backend_annotation_int=\count176
\g__pdf_backend_link_int=\count177
\g__pdf_backend_link_sf_int=\count178
)
No file _formulas.aux.
\openout1 = `_formulas.aux'.

LaTeX Font Info:    Checking defaults for OML/cmm/m/it on input line 11.
LaTeX Font Info:    ... okay on input line 11.
LaTeX Font Info:    Checking defaults for OMS/cmsy/m/n on input line 11.
LaTeX Font Info:    ... okay on input line 11.
LaTeX Font Info:    Checking defaults for OT1/cmr/m/n on input line 11.
LaTeX Font Info:    ... okay on input line 11.
LaTeX Font Info:    Checking defaults for T1/cmr/m/n on input line 11.
LaTeX Font Info:    ... okay on input line 11.
LaTeX Font Info:    Checking defaults for TS1/cmr/m/n on input line 11.
LaTeX Font Info:    ... okay on input line 11.
LaTeX Font Info:    Checking defaults for OMX/cmex/m/n on input line 11.
LaTeX Font Info:    ... okay on input line 11.
LaTeX Font Info:    Checking defaults for U/cmr/m/n on input line 11.
LaTeX Font Info:    ... okay on input line 11.
LaTeX Font Info:    External font `cmex10' loaded for size
(Font)              <7> on input line 12.
LaTeX Font Info:    External font `cmex10' loaded for size
(Font)              <5> on input line 12.
[1

] [2] [3] [4] [5] [6] [7] [8]

! LaTeX Error: Environment align* undefined.

See the LaTeX manual or LaTeX Companion for explanation.
Type  H <return>  for immediate help.
 ...                                              
                                                  
l.36 \begin{align*}
                   \tag 1 \langle \hat{H} \rangle & = \langle \Psi |\hat{H}|...

? H
Your command was ignored.
Type  I <command> <return>  to replace it with another command,
or  <return>  to continue without it.
? I
insert>
! Undefined control sequence.
l.36 \begin{align*}\tag
                        1 \langle \hat{H} \rangle & = \langle \Psi |\hat{H}|...

? 
! Missing $ inserted.
<inserted text> 
                $
l.36 \begin{align*}\tag 1 \langle
                                  \hat{H} \rangle & = \langle \Psi |\hat{H}|...

? 
! Misplaced alignment tab character &.
l.36 ...in{align*}\tag 1 \langle \hat{H} \rangle &
                                                   = \langle \Psi |\hat{H}| ...

? 
! Misplaced alignment tab character &.
<recently read> &
                 
l.36 ...= \langle \Psi |\hat{H}| \Psi \rangle \\ &
                                                   = \int \Psi^* \hat{H} \Ps...

? 

! LaTeX Error: \begin{document} ended by \end{align*}.

See the LaTeX manual or LaTeX Companion for explanation.
Type  H <return>  for immediate help.
 ...                                              
                                                  
l.36 ...* \hat{H} \Psi d\textbf{r}_i, \end{align*}
                                                  
? 
! Missing $ inserted.
<inserted text> 
                $
l.36 ...* \hat{H} \Psi d\textbf{r}_i, \end{align*}
                                                  
? 
[9] [10] [11] [12]
! Undefined control sequence.
l.48 \begin{equation}\tag
                          {2} \hat{H}(\{\textbf{r}_i\},\{\textbf{R}_I\})\Psi...

? 
[13] [14] [15] [16] [17] [18] [19] [20]
! Undefined control sequence.
l.72 \begin{equation}\tag
                          {3} \langle \hat{H}_L \rangle_{|\Psi|^2} = \frac{\...

? 
[21] [22] [23] [24] [25] [26] [27] [28] [29] [30] [31] [32] [33] [34]

! LaTeX Error: Environment vmatrix undefined.

See the LaTeX manual or LaTeX Companion for explanation.
Type  H <return>  for immediate help.
 ...                                              
                                                  
l.114 ...psi_i\},\{\textbf{r}_i\})=\begin{vmatrix}
                                                   \psi_1(\textbf{r}_1) &\ps...

? 
! Misplaced alignment tab character &.
l.114 ...})=\begin{vmatrix} \psi_1(\textbf{r}_1) &
                                                  \psi_2(\textbf{r}_1) &\cdo...

? 
! Misplaced alignment tab character &.
l.114 ...i_1(\textbf{r}_1) &\psi_2(\textbf{r}_1) &
                                                  \cdots& \psi_N(\textbf{r}_...

? 
! Misplaced alignment tab character &.
l.114 ...xtbf{r}_1) &\psi_2(\textbf{r}_1) &\cdots&
                                                   \psi_N(\textbf{r}_1) \\ \...

? 
! Misplaced alignment tab character &.
l.114 ...N(\textbf{r}_1) \\ \psi_1(\textbf{r}_2) &
                                                  \psi_2(\textbf{r}_2) &\cdo...

? 
! Misplaced alignment tab character &.
l.114 ...i_1(\textbf{r}_2) &\psi_2(\textbf{r}_2) &
                                                  \cdots& \psi_N(\textbf{r}_...

? 
! Misplaced alignment tab character &.
l.114 ...xtbf{r}_2) &\psi_2(\textbf{r}_2) &\cdots&
                                                   \psi_N(\textbf{r}_2) \\ \...

? 
! Misplaced alignment tab character &.
l.114 ...&\cdots& \psi_N(\textbf{r}_2) \\ \vdots &
                                                  \vdots &\ddots&\vdots \\ \...

? 
! Misplaced alignment tab character &.
l.114 ... \psi_N(\textbf{r}_2) \\ \vdots &\vdots &
                                                  \ddots&\vdots \\ \psi_1(\t...

? 
! Misplaced alignment tab character &.
l.114 ...(\textbf{r}_2) \\ \vdots &\vdots &\ddots&
                                                  \vdots \\ \psi_1(\textbf{r...

? 
! Misplaced alignment tab character &.
l.114 ... &\ddots&\vdots \\ \psi_1(\textbf{r}_N) &
                                                  \psi_2(\textbf{r}_N) &\cdo...

? 
! Misplaced alignment tab character &.
l.114 ...i_1(\textbf{r}_N) &\psi_2(\textbf{r}_N) &
                                                  \cdots& \psi_N(\textbf{r}_...

? 
! Misplaced alignment tab character &.
l.114 ...xtbf{r}_N) &\psi_2(\textbf{r}_N) &\cdots&
                                                   \psi_N(\textbf{r}_N) \\ \...

? 

! LaTeX Error: \begin{equation} on input line 114 ended by \end{vmatrix}.

See the LaTeX manual or LaTeX Companion for explanation.
Type  H <return>  for immediate help.
 ...                                              
                                                  
l.114 ...ts& \psi_N(\textbf{r}_N) \\ \end{vmatrix}
                                                  . \end{equation}
? 

Overfull \hbox (68.72392pt too wide) detected at line 114
\OML/cmm/m/it/10 D\OT1/cmr/m/n/10 (\OMS/cmsy/m/n/10 f\OML/cmm/m/it/10  []\OMS/c
msy/m/n/10 g\OML/cmm/m/it/10 ; \OMS/cmsy/m/n/10 f[][]g\OT1/cmr/m/n/10 ) = \OML/
cmm/m/it/10  []\OT1/cmr/m/n/10 ([][])\OML/cmm/m/it/10  []\OT1/cmr/m/n/10 ([][])
 [] \OML/cmm/m/it/10  []\OT1/cmr/m/n/10 ([][])[] \OML/cmm/m/it/10  []\OT1/cmr/m
/n/10 ([][])\OML/cmm/m/it/10  []\OT1/cmr/m/n/10 ([][]) [] \OML/cmm/m/it/10  []\
OT1/cmr/m/n/10 ([][])[] [][] [] [][] \OML/cmm/m/it/10  []\OT1/cmr/m/n/10 ([][])
\OML/cmm/m/it/10  []\OT1/cmr/m/n/10 ([][]) [] \OML/cmm/m/it/10  []\OT1/cmr/m/n/
10 ([][])[] \OML/cmm/m/it/10 :
 []

[35] [36] [37] [38] [39] [40] [41]
Overfull \hbox (50.46608pt too wide) detected at line 135
\OML/cmm/m/it/10 D\OT1/cmr/m/n/10 (\OMS/cmsy/m/n/10 f\OML/cmm/m/it/10  []\OMS/c
msy/m/n/10 g\OML/cmm/m/it/10 ; \OMS/cmsy/m/n/10 f[][]g\OT1/cmr/m/n/10 ) = \OML/
cmm/m/it/10  []\OT1/cmr/m/n/10 ([][])\OML/cmm/m/it/10  []\OT1/cmr/m/n/10 ([][])
 \OMS/cmsy/m/n/10 ^^@ \OML/cmm/m/it/10  []\OT1/cmr/m/n/10 ([][])\OML/cmm/m/it/1
0  []\OT1/cmr/m/n/10 ([][]) = \OML/cmm/m/it/10  []\OT1/cmr/m/n/10 ([][])\OML/cm
m/m/it/10  []\OT1/cmr/m/n/10 ([][])(\OMS/cmsy/m/n/10 j[]ij[]i ^^@ j[]ij[]i\OT1/
cmr/m/n/10 ) = \OML/cmm/m/it/10  []\OT1/cmr/m/n/10 ([][])\OML/cmm/m/it/10  []\O
T1/cmr/m/n/10 ([][])\OML/cmm/m/it/10 :
 []

[42] [43] [44] [45] [46] [47] [48] [49] [50] (./_formulas.aux) ) 
Here is how much of TeX's memory you used:
 846 strings out of 483066
 12786 string characters out of 5963576
 240332 words of memory out of 5000000
 15930 multiletter control sequences out of 15000+600000
 532646 words of font info for 25 fonts, out of 8000000 for 9000
 81 hyphenation exceptions out of 8191
 38i,4n,29p,386b,90s stack positions out of 5000i,500n,10000p,200000b,80000s

Output written on _formulas.dvi (50 pages, 9012 bytes).
